<?xml version="1.0" encoding="UTF-8"?>
<!-- Generated by org.testng.reporters.JUnitXMLReporter -->
<testsuite ignored="0" hostname="DESKTOP-PG3URJ6" failures="0" tests="3" name="Free CRM App Test Cases" time="18.782" errors="0" timestamp="15 Mar. 2019 23:05:30 GMT">
  <testcase classname="com.mercury.qa.testcases.ProfilePageTest" name="validateSubmitBtnTest" time="0.07"/>
  <testcase classname="com.mercury.qa.testcases.LoginPageTest" name="validateLoginTest" time="1.797"/>
  <testcase classname="com.mercury.qa.testcases.LoginPageTest" name="validateLoginTitleTest" time="0.009"/>
</testsuite> <!-- Free CRM App Test Cases -->
