<?xml version="1.0" encoding="UTF-8"?>
<!-- Generated by org.testng.reporters.JUnitXMLReporter -->
<testsuite ignored="0" hostname="DESKTOP-PG3URJ6" failures="0" tests="3" name="Default test" time="16.073" errors="0" timestamp="16 Mar. 2019 23:51:56 GMT">
  <testcase classname="com.mercury.qa.testcases.LoginPageTest" name="validateLoginTest" time="1.662"/>
  <testcase classname="com.mercury.qa.testcases.LoginPageTest" name="validateLoginTitleTest" time="0.009"/>
  <testcase classname="com.mercury.qa.testcases.LoginPageTest" name="validateTitleLogoTest" time="0.032"/>
</testsuite> <!-- Default test -->
