<?xml version="1.0" encoding="UTF-8"?>
<!-- Generated by org.testng.reporters.JUnitXMLReporter -->
<testsuite ignored="0" hostname="DESKTOP-PG3URJ6" failures="1" tests="12" name="Mercury Tours testcases" time="82.194" errors="0" timestamp="16 Mar. 2019 21:45:03 GMT">
  <testcase classname="com.mercury.qa.testcases.LoginPageTest" name="validateLoginTest" time="1.91"/>
  <testcase classname="com.mercury.qa.testcases.LoginPageTest" name="validateLoginTitleTest" time="0.018"/>
  <testcase classname="com.mercury.qa.testcases.HomePageTest" name="validateContinueButtonTest" time="0.062"/>
  <testcase classname="com.mercury.qa.testcases.HomePageTest" name="validateHomepageTitleTest" time="0.019">
    <failure type="java.lang.AssertionError" message="expected [Sign-on: Mercury Tours] but found [Find a Flight: Mercury Tours:]">
      <![CDATA[java.lang.AssertionError: expected [Sign-on: Mercury Tours] but found [Find a Flight: Mercury Tours:]
at com.mercury.qa.testcases.HomePageTest.validateHomepageTitleTest(HomePageTest.java:34)
... Removed 31 stack frames]]>
    </failure>
  </testcase> <!-- validateHomepageTitleTest -->
  <testcase classname="com.mercury.qa.testcases.ProfilePageTest" name="validateEditImageTest" time="0.042"/>
  <testcase classname="com.mercury.qa.testcases.ProfilePageTest" name="validateSubmitBtnTest" time="0.044"/>
  <testcase classname="com.mercury.qa.testcases.LoginPageTest" name="validateTitleLogoTest" time="0.069"/>
  <testcase classname="com.mercury.qa.testcases.HomePageTest" name="validateHomeLogoTest" time="0.032"/>
  <testcase classname="com.mercury.qa.testcases.HomePageTest" name="validateProfilePageLinkTest" time="0.315"/>
  <testcase classname="com.mercury.qa.testcases.ProfilePageTest" name="fillingFormTest" time="0.503"/>
  <testcase classname="com.mercury.qa.testcases.ProfilePageTest" name="fillingFormTest" time="0.314"/>
  <testcase classname="com.mercury.qa.testcases.ProfilePageTest" name="fillingFormTest" time="0.288"/>
</testsuite> <!-- Mercury Tours testcases -->
