<?xml version="1.0" encoding="UTF-8" ?>
<testsuite tests="12" failures="1" name="TestSuite" time="2.952" errors="0" skipped="0">
  <properties>
[...]
</properties>
  <testcase classname="com.mercury.qa.testcases.HomePageTest" name="validateContinueButtonTest" time="0.036"/>
  <testcase classname="com.mercury.qa.testcases.HomePageTest" name="validateHomepageTitleTest" time="0.018">
    <failure message="expected [Sign-on: Mercury Tours] but found [Find a Flight: Mercury Tours:]" type="java.lang.AssertionError">java.lang.AssertionError: expected [Sign-on: Mercury Tours] but found [Find a Flight: Mercury Tours:]
	at org.testng.Assert.fail(Assert.java:96)
	at org.testng.Assert.failNotEquals(Assert.java:776)
	at org.testng.Assert.assertEqualsImpl(Assert.java:137)
	at org.testng.Assert.assertEquals(Assert.java:118)
	at org.testng.Assert.assertEquals(Assert.java:453)
	at org.testng.Assert.assertEquals(Assert.java:463)
	at com.mercury.qa.testcases.HomePageTest.validateHomepageTitleTest(HomePageTest.java:34)
</failure>
    <system-out>Before navigating to: &apos;http://newtours.demoaut.com/&apos;
Navigated to:&apos;http://newtours.demoaut.com/&apos;
Trying to find Element By : By.name: userName
Found Element By : By.name: userName
Trying to find Element By : By.name: password
Found Element By : By.name: password
Trying to find Element By : By.name: login
Found Element By : By.name: login
Trying to click on: [[ChromeDriver: chrome on XP (e7a01a86842eee8f6abc0fa5080440a2)] -&gt; name: login]
Clicked on: [[ChromeDriver: chrome on XP (e7a01a86842eee8f6abc0fa5080440a2)] -&gt; name: login]
</system-out>
    <system-err>Starting ChromeDriver 73.0.3683.20 (8e2b610813e167eee3619ac4ce6e42e3ec622017) on port 41899
Only local connections are allowed.
Please protect ports used by ChromeDriver and related test frameworks to prevent access by malicious code.
Mar. 16, 2019 7:08:47 P.M. org.openqa.selenium.remote.ProtocolHandshake createSession
INFO: Detected dialect: OSS
</system-err>
  </testcase>
  <testcase classname="com.mercury.qa.testcases.LoginPageTest" name="validateLoginTest" time="1.637"/>
  <testcase classname="com.mercury.qa.testcases.LoginPageTest" name="validateLoginTitleTest" time="0.008"/>
  <testcase classname="com.mercury.qa.testcases.ProfilePageTest" name="validateEditImageTest" time="0.034"/>
  <testcase classname="com.mercury.qa.testcases.ProfilePageTest" name="validateSubmitBtnTest" time="0.031"/>
  <testcase classname="com.mercury.qa.testcases.HomePageTest" name="validateHomeLogoTest" time="0.03"/>
  <testcase classname="com.mercury.qa.testcases.HomePageTest" name="validateProfilePageLinkTest" time="0.36"/>
  <testcase classname="com.mercury.qa.testcases.LoginPageTest" name="validateTitleLogoTest" time="0.032"/>
  <testcase classname="com.mercury.qa.testcases.ProfilePageTest" name="fillingFormTest" time="0.269"/>
  <testcase classname="com.mercury.qa.testcases.ProfilePageTest" name="fillingFormTest" time="0.256"/>
  <testcase classname="com.mercury.qa.testcases.ProfilePageTest" name="fillingFormTest" time="0.241"/>
</testsuite>